--- contention:
cycles/second=2494232766
189589398243 1374 @ 0x3aa62 0x89777 0x5c221
189560654553 443 @ 0x3aa62 0x1257d3 0x5c221
41352088607 3223 @ 0x3aa62 0x102fb4 0x5c221
37934169677 1 @ 0x4c7b 0x7c41d 0x7af60 0x2296 0x2cb40 0x5c221
37781919934 3128 @ 0x4cab 0x10573d 0x5c221
37553470053 3 @ 0x4c7b 0x8b48a 0x5c221
20204856894 163 @ 0x4c7b 0x101919 0x8f582 0x5c221
19943527304 161 @ 0x4cab 0x86050 0x59f0e 0x15eefa 0x15dbc1 0x104eff 0x103beb 0x1057f2 0x5c221
19905120355 158 @ 0x3aa62 0x818ab 0x8fb47 0x8b2b6 0x5c221
17358781798 1029 @ 0x4c7b 0x101919 0x8f682 0x5c221
16954738611 137 @ 0x4cab 0x87608 0x59f0e 0x15eefa 0x15dbc1 0x104eff 0x103beb 0x1057f2 0x5c221
16888077443 134 @ 0x3aa62 0x82136 0x8226e 0x8fa63 0x8b2b6 0x5c221
3870853439 1988 @ 0x4c7b 0x101919 0x12c863 0x5c221
2613054994 1111 @ 0x3aa62 0x12a198 0x126827 0x12b7fc 0x5c221
2248462802 916 @ 0x3aa62 0x12a198 0x126827 0x12b88b 0x5c221
711354226 895 @ 0x3aa62 0x82136 0x821fe 0x8f8ef 0x8b2b6 0x5c221
376799537 5 @ 0x3aa62 0x818ab 0x8d12f 0x8d521 0x7aea8 0x5c221
375850554 512 @ 0xacf64 0x12b75b 0x5c221
349606788 591 @ 0xacf64 0x126595 0x12b88b 0x5c221
231770202 267 @ 0xacf64 0x12932d 0x5a061 0x15eefa 0x15dbc1 0x104eff 0x103beb 0x1057f2 0x5c221
136186839 3 @ 0x4c7b 0x8cf7f 0x8d521 0x7aea8 0x5c221
56117912 93 @ 0xacf64 0x124cca 0x5c221
48869804 126 @ 0xacf64 0x129e4a 0x126827 0x12b88b 0x5c221
31988445 64 @ 0xacf64 0x129848 0x126827 0x12b88b 0x5c221
18331591 39 @ 0xacf64 0x129848 0x126827 0x12b7fc 0x5c221
12623020 18 @ 0xacf64 0x12b4f8 0x129c5f 0x126827 0x12b88b 0x5c221
11011184 27 @ 0xacf64 0x126595 0x12b7fc 0x5c221
7731840 39 @ 0x3cc3 0x102e98 0x5c221
7293742 22 @ 0xacf64 0x12b4f8 0x129c5f 0x126827 0x12b7fc 0x5c221
5291943 4 @ 0x3aa62 0x1292bd 0x125911 0x12b8ef 0x5c221
5218257 26 @ 0xacf64 0x12713c 0x5c221
4020591 118 @ 0x3cc3 0x1272a3 0x5c221
2922555 4 @ 0x4c7b 0x101919 0x12c6a3 0x5c221
2844500 3 @ 0xacf64 0x12a2ad 0x86f04 0x59f0e 0x15eefa 0x15dbc1 0x104eff 0x103beb 0x1057f2 0x5c221
2628423 17 @ 0xacf64 0x1246de 0x5c221
1157571 10 @ 0xacf64 0x12684f 0x12b88b 0x5c221
1085432 6 @ 0xacf64 0x12a2ad 0x85924 0x59f0e 0x15eefa 0x15dbc1 0x104eff 0x103beb 0x1057f2 0x5c221
1052175 90 @ 0x3cc3 0x1018ce 0x12c863 0x5c221
254051 1 @ 0xacf64 0x102785 0x102c65 0x5c221
47133 8 @ 0xacf64 0x129e4a 0x126827 0x12b7fc 0x5c221
31705 1 @ 0xae011 0x148031 0x1488cb 0x146f2d 0x14724b 0x1479d6 0x104f88 0x103beb 0x1057f2 0x5c221
30271 7 @ 0xacf64 0x1025c8 0x1028fe 0x5c221
29085 1 @ 0xae011 0x148031 0x1488cb 0x14ccad 0x14c2fa 0x14ce4f 0x14ccec 0x14dbfe 0x14da97 0x146903 0x147032 0x14724b 0x1479d6 0x147142 0x123e3f 0x125203 0x5c221
24695 1 @ 0xade18 0x147f9b 0x1488cb 0x146f2d 0x14724b 0x1479d6 0x147142 0x101829 0x12c863 0x5c221
24350 3 @ 0x3cc3 0x1018ce 0x8f582 0x5c221
16742 1 @ 0xade18 0x147f9b 0x1488cb 0x1397bc 0x13ae43 0x13b74f 0x13853c 0x13b083 0x13b74f 0x13bb88 0x13c641 0x13cf57 0x13d4dd 0x13d349 0x101cc3 0x8f682 0x5c221
16597 1 @ 0xae011 0x148031 0x147641 0x147142 0x101829 0x12c6a3 0x5c221
12542 2 @ 0x3cc3 0x1018ce 0x8f682 0x5c221
12185 1 @ 0xade18 0x147f9b 0x1488cb 0x139229 0x13981a 0x13ae43 0x13b74f 0x13853c 0x13b083 0x13b74f 0x13bb88 0x13c641 0x13cf57 0x13d4dd 0x13d349 0x101cc3 0x8f682 0x5c221
7152 1 @ 0xade18 0x15b87a 0x15eb6d 0x15dbc1 0x104eff 0x103beb 0x1057f2 0x5c221
5590 1 @ 0xacf64 0xad8c8 0xad863 0xad451 0x15eba9 0x15dbc1 0x104eff 0x103beb 0x1057f2 0x5c221
5430 2 @ 0xade18 0x147f9b 0x147641 0x147142 0x101829 0x12c863 0x5c221
2370 1 @ 0xade18 0x147f9b 0x1488cb 0x139229 0x13ae43 0x13b74f 0x13853c 0x13b083 0x13b74f 0x13bb88 0x13c641 0x13cf57 0x13d4dd 0x13d349 0x101cc3 0x8f682 0x5c221
1512 1 @ 0xacf64 0x12684f 0x12b7fc 0x5c221
