heap profile: 1: 384 [432: 1021200] @ heap/1048576
1: 384 [1: 384] @ 0x338f7 0x27def 0x2e0b0 0x2dc59 0x59a12
0: 0 [1: 112] @ 0x3f385 0x13a96b 0x13b74f 0x13853c 0x138156 0x13b083 0x13b74f 0x13853c 0x13b083 0x13b74f 0x13bb88 0x13c641 0x13cf57 0x13d4dd 0x13d349 0x101cc3 0x12c863 0x5c221
0: 0 [1: 32] @ 0x138587 0x13b083 0x13b74f 0x13bb88 0x13c641 0x13cf57 0x13d4dd 0x13d349 0x104cae 0x103beb 0x1057f2 0x5c221
0: 0 [1: 160] @ 0x145d67 0x104f53 0x103beb 0x1057f2 0x5c221
0: 0 [4: 54272] @ 0x3f6f3 0x3f487 0x142ebd 0x150d4b 0x141d96 0x150c53 0x142194 0x150981 0x1418cc 0x145d16 0x147a84 0x147142 0x123e3f 0x12623d 0x129660 0x5a061 0x15eefa 0x15dbc1 0x104eff 0x103beb 0x1057f2 0x5c221
0: 0 [1: 96] @ 0x96fa 0x158ab7 0x159579 0x15718b 0x13ad2b 0x13b74f 0x13853c 0x13b083 0x13b74f 0x13bb88 0x13c641 0x13cf57 0x13d4dd 0x13d349 0x101cc3 0x8f582 0x5c221
0: 0 [1: 640] @ 0x3f385 0xc5f14 0xc5782 0xc597b 0x146612 0x146a7e 0x147032 0x14724b 0x142ff6 0x150d4b 0x141d96 0x150c53 0x142194 0x150981 0x141d96 0x145cc8 0x147a84 0x147142 0x101829 0x12c863 0x5c221
0: 0 [9: 110592] @ 0x3f385 0xc5f14 0xc5782 0xc597b 0x146612 0x147b15 0x147142 0x123e3f 0x12623d 0x129660 0x5a061 0x15eefa 0x15dbc1 0x104eff 0x103beb 0x1057f2 0x5c221
0: 0 [1: 96] @ 0x145e5d 0x104f53 0x103beb 0x1057f2 0x5c221
0: 0 [1: 48] @ 0x8cd1 0x13b636 0x13853c 0x138156 0x13b083 0x13b74f 0x13853c 0x13b083 0x13b74f 0x13bb88 0x13c641 0x13cf57 0x13d4dd 0x13d349 0x101cc3 0x12c863 0x5c221
0: 0 [1: 16] @ 0x3f385 0x133981 0x1504f3 0x133c70 0x1504f3 0x133c70 0x13be90 0x13c641 0x13cf57 0x13d4dd 0x13d349 0x104cae 0x103beb 0x1057f2 0x5c221
0: 0 [1: 48] @ 0x43c67 0x43582 0x4390a 0x1381d6 0x13b083 0x13b74f 0x13bb88 0x13d527 0x13d349 0x104cae 0x103beb 0x1057f2 0x5c221
0: 0 [1: 176] @ 0x96fa 0x147344 0x1479d6 0x147142 0x123d80 0x12623d 0x129660 0x5a061 0x15eefa 0x15dbc1 0x104eff 0x103beb 0x1057f2 0x5c221
0: 0 [1: 10496] @ 0x3f6f3 0x3f487 0x14041c 0x146612 0x14335c 0x150d4b 0x141d96 0x150c53 0x142194 0x150981 0x1418cc 0x145d16 0x147a84 0x147142 0x123e3f 0x12a82e 0x85924 0x59f0e 0x15eefa 0x15dbc1 0x104eff 0x103beb 0x1057f2 0x5c221
0: 0 [1: 416] @ 0xac12 0x9b5b 0x13b68b 0x13bb88 0x13d527 0x13d349 0x101cc3 0x12c863 0x5c221
0: 0 [1: 48] @ 0x43c67 0x43582 0x4390a 0x13ac17 0x13b74f 0x13bb88 0x13c641 0x13cf57 0x13d4dd 0x13d349 0x101cc3 0x12c863 0x5c221
0: 0 [1: 16] @ 0x43c67 0x43aef 0x133353 0x133c70 0x1504f3 0x13472f 0x135ae3 0x15048e 0x133c70 0x1504f3 0x133c70 0x13be90 0x13c641 0x13cf57 0x13d4dd 0x13d349 0x104cae 0x103beb 0x1057f2 0x5c221
0: 0 [1: 112] @ 0x1017bd 0x12c863 0x5c221
0: 0 [3: 31488] @ 0x3f385 0xc5f14 0xc5782 0xc597b 0x146612 0x147b15 0x147142 0x123e3f 0x12623d 0x129660 0x5a061 0x15eefa 0x15dbc1 0x104eff 0x103beb 0x1057f2 0x5c221
0: 0 [1: 112] @ 0x96fa 0x13b729 0x13bb88 0x13d527 0x13d349 0x104cae 0x103beb 0x1057f2 0x5c221
0: 0 [1: 32] @ 0x13a938 0x13b74f 0x13bb88 0x13d527 0x13d349 0x101cc3 0x12c863 0x5c221
0: 0 [1: 48] @ 0x10a31 0x164b2f 0x131f30 0x133c1f 0x13be90 0x13c641 0x13cf57 0x13d4dd 0x13d349 0x101cc3 0x12c863 0x5c221
0: 0 [2: 192] @ 0x145e5d 0x123d18 0x12623d 0x129660 0x5a061 0x15eefa 0x15dbc1 0x104eff 0x103beb 0x1057f2 0x5c221
0: 0 [2: 128] @ 0x134461 0x135ae3 0x15048e 0x133c70 0x1504f3 0x133c70 0x13be90 0x13c641 0x13cf57 0x13d4dd 0x13d349 0x104cae 0x103beb 0x1057f2 0x5c221
0: 0 [2: 20992] @ 0x3f6f3 0x3f487 0x14041c 0x146612 0x14335c 0x150d4b 0x141d96 0x150c53 0x142194 0x150981 0x1418cc 0x145d16 0x147a84 0x147142 0x123e3f 0x12a82e 0x86f04 0x59f0e 0x15eefa 0x15dbc1 0x104eff 0x103beb 0x1057f2 0x5c221
0: 0 [1: 8192] @ 0x3f6f3 0x3f487 0x142ebd 0x150d4b 0x141d96 0x150c53 0x142194 0x150981 0x1418cc 0x145d16 0x147a84 0x147142 0x123e3f 0x12a82e 0x85924 0x59f0e 0x15eefa 0x15dbc1 0x104eff 0x103beb 0x1057f2 0x5c221
0: 0 [1: 96] @ 0x102a89 0x5c221
0: 0 [1: 4608] @ 0x3f6f3 0x3f487 0x14041c 0x146612 0x14335c 0x150d4b 0x141d96 0x150c53 0x142194 0x150981 0x1418cc 0x145d16 0x147a84 0x147142 0x123e3f 0x12a82e 0x85924 0x59f0e 0x15eefa 0x15dbc1 0x104eff 0x103beb 0x1057f2 0x5c221
0: 0 [1: 112] @ 0x96fa 0x13b729 0x13853c 0x138156 0x13b083 0x13b74f 0x13853c 0x13b083 0x13b74f 0x13bb88 0x13c641 0x13cf57 0x13d4dd 0x13d349 0x101cc3 0x12c863 0x5c221
0: 0 [1: 80] @ 0x3f385 0xc5f14 0xc5782 0xc597b 0x146612 0x146a7e 0x147032 0x14724b 0x1479d6 0x104f88 0x103beb 0x1057f2 0x5c221
0: 0 [1: 112] @ 0x96fa 0x13b729 0x13bb88 0x13d527 0x13d349 0x101cc3 0x12c863 0x5c221
0: 0 [1: 48] @ 0x3f6f3 0x3f487 0x1414d3 0x141d96 0x150c53 0x141d96 0x150c53 0x141d96 0x145cc8 0x146a42 0x147032 0x14724b 0x1479d6 0x104f88 0x103beb 0x1057f2 0x5c221
0: 0 [1: 80] @ 0x3f385 0x13c9dc 0x13c8c4 0x13cf07 0x13d4dd 0x13d349 0x101cc3 0x12c863 0x5c221
0: 0 [2: 16] @ 0x1372c5 0x13b083 0x13b74f 0x13853c 0x138156 0x13b083 0x13b74f 0x13853c 0x13b083 0x13b74f 0x13bb88 0x13c641 0x13cf57 0x13d4dd 0x13d349 0x104cae 0x103beb 0x1057f2 0x5c221
0: 0 [2: 18944] @ 0x3f385 0xc5f14 0xc5782 0xc597b 0x146612 0x147b15 0x147142 0x123e3f 0x12623d 0x129660 0x5a061 0x15eefa 0x15dbc1 0x104eff 0x103beb 0x1057f2 0x5c221
0: 0 [1: 96] @ 0x3f6f3 0x140948 0x140c7d 0x141423 0x141d96 0x150c53 0x142194 0x150981 0x141d96 0x150c53 0x141d96 0x145cc8 0x146a42 0x147032 0x14724b 0x1479d6 0x104f88 0x103beb 0x1057f2 0x5c221
0: 0 [1: 8704] @ 0x3f385 0xc5f14 0xc5782 0xc597b 0x146612 0x147b15 0x147142 0x123e3f 0x12623d 0x129660 0x5a061 0x15eefa 0x15dbc1 0x104eff 0x103beb 0x1057f2 0x5c221
0: 0 [15: 157440] @ 0x3f6f3 0x3f487 0x14041c 0x146612 0x14335c 0x150d4b 0x141d96 0x150c53 0x142194 0x150981 0x1418cc 0x145d16 0x147a84 0x147142 0x123e3f 0x12623d 0x129660 0x5a061 0x15eefa 0x15dbc1 0x104eff 0x103beb 0x1057f2 0x5c221
0: 0 [1: 64] @ 0x9f6ec 0x9f9e1 0x102b40 0x5c221
0: 0 [1: 48] @ 0x43c67 0x43582 0x4390a 0x1381d6 0x13b083 0x13b74f 0x13853c 0x13b083 0x13b74f 0x13bb88 0x13c641 0x13cf57 0x13d4dd 0x13d349 0x104cae 0x103beb 0x1057f2 0x5c221
0: 0 [1: 16] @ 0x15835a 0x156f58 0x146d72 0x147032 0x14724b 0x1479d6 0x147142 0x101829 0x12c863 0x5c221
0: 0 [1: 8448] @ 0x3f385 0xc5f14 0xc5782 0xc597b 0x146612 0x147b15 0x147142 0x123e3f 0x12623d 0x129660 0x5a061 0x15eefa 0x15dbc1 0x104eff 0x103beb 0x1057f2 0x5c221
0: 0 [1: 32] @ 0x138587 0x13b083 0x13b74f 0x13bb88 0x13c641 0x13cf57 0x13d4dd 0x13d349 0x101cc3 0x8f682 0x5c221
0: 0 [1: 2048] @ 0x3f6f3 0x3f487 0x14041c 0x146612 0x14335c 0x150d4b 0x141d96 0x150c53 0x142194 0x150981 0x1418cc 0x145d16 0x147a84 0x147142 0x123e3f 0x12a82e 0x85924 0x59f0e 0x15eefa 0x15dbc1 0x104eff 0x103beb 0x1057f2 0x5c221
0: 0 [1: 176] @ 0x3f385 0xc5f14 0xc5782 0xc597b 0x146612 0x146a7e 0x147032 0x146c1c 0x147032 0x14724b 0x1479d6 0x147142 0x123e3f 0x12623d 0x129660 0x5a061 0x15eefa 0x15dbc1 0x104eff 0x103beb 0x1057f2 0x5c221
0: 0 [2: 32] @ 0x13ac63 0x13b74f 0x13853c 0x13b083 0x13b74f 0x13bb88 0x13c641 0x13cf57 0x13d4dd 0x13d349 0x104cae 0x103beb 0x1057f2 0x5c221
0: 0 [1: 48] @ 0x43c67 0x43582 0x4390a 0x13ac17 0x13b74f 0x13853c 0x13b083 0x13b74f 0x13bb88 0x13c641 0x13cf57 0x13d4dd 0x13d349 0x101cc3 0x12c863 0x5c221
0: 0 [2: 224] @ 0x3f385 0x13a96b 0x13b74f 0x13853c 0x13b083 0x13b74f 0x13853c 0x13b083 0x13b74f 0x13bb88 0x13c641 0x13cf57 0x13d4dd 0x13d349 0x104cae 0x103beb 0x1057f2 0x5c221
0: 0 [1: 8192] @ 0x3f385 0xc5f14 0xc5782 0xc597b 0x146612 0x147b15 0x147142 0x123e3f 0x12a82e 0x85924 0x59f0e 0x15eefa 0x15dbc1 0x104eff 0x103beb 0x1057f2 0x5c221
0: 0 [1: 96] @ 0x96fa 0x158ab7 0x159579 0x15718b 0x13ad2b 0x13b74f 0x13853c 0x13b083 0x13b74f 0x13bb88 0x13c641 0x13cf57 0x13d4dd 0x13d349 0x101cc3 0x12c863 0x5c221
0: 0 [1: 32] @ 0x138587 0x13b083 0x13b74f 0x13bb88 0x13c641 0x13cf57 0x13d4dd 0x13d349 0x101cc3 0x12c863 0x5c221
0: 0 [5: 40960] @ 0x3f385 0xc5f14 0xc5782 0xc597b 0x146612 0x147b15 0x147142 0x123e3f 0x12623d 0x129660 0x5a061 0x15eefa 0x15dbc1 0x104eff 0x103beb 0x1057f2 0x5c221
0: 0 [1: 32] @ 0x138587 0x13b083 0x13b74f 0x13853c 0x13b083 0x13b74f 0x13bb88 0x13c641 0x13cf57 0x13d4dd 0x13d349 0x101cc3 0x12c863 0x5c221
0: 0 [2: 64] @ 0x3f6f3 0x3f487 0x140af1 0x140c2c 0x140eb3 0x141d96 0x145cc8 0x1432b1 0x150d4b 0x141d96 0x150c53 0x142194 0x150981 0x1418cc 0x145d16 0x147a84 0x147142 0x123e3f 0x12a82e 0x86f04 0x59f0e 0x15eefa 0x15dbc1 0x104eff 0x103beb 0x1057f2 0x5c221
0: 0 [2: 13824] @ 0x3f385 0xc5f14 0xc5782 0xc597b 0x146612 0x147b15 0x147142 0x123e3f 0x12623d 0x129660 0x5a061 0x15eefa 0x15dbc1 0x104eff 0x103beb 0x1057f2 0x5c221
0: 0 [1: 32] @ 0x43c67 0x43582 0x4390a 0x13ac17 0x13b74f 0x13bb88 0x13c641 0x13cf57 0x13d4dd 0x13d349 0x101cc3 0x12c863 0x5c221
0: 0 [18: 147456] @ 0x3f6f3 0x3f487 0x142ebd 0x150d4b 0x141d96 0x150c53 0x142194 0x150981 0x1418cc 0x145d16 0x147a84 0x147142 0x123e3f 0x12623d 0x129660 0x5a061 0x15eefa 0x15dbc1 0x104eff 0x103beb 0x1057f2 0x5c221
0: 0 [2: 12288] @ 0x3f6f3 0x3f487 0x14041c 0x146612 0x14335c 0x150d4b 0x141d96 0x150c53 0x142194 0x150981 0x1418cc 0x145d16 0x147a84 0x147142 0x123e3f 0x12a82e 0x85924 0x59f0e 0x15eefa 0x15dbc1 0x104eff 0x103beb 0x1057f2 0x5c221
0: 0 [13: 79872] @ 0x3f6f3 0x3f487 0x14041c 0x146612 0x14335c 0x150d4b 0x141d96 0x150c53 0x142194 0x150981 0x1418cc 0x145d16 0x147a84 0x147142 0x123e3f 0x12623d 0x129660 0x5a061 0x15eefa 0x15dbc1 0x104eff 0x103beb 0x1057f2 0x5c221
0: 0 [1: 6400] @ 0x3f385 0xc5f14 0xc5782 0xc597b 0x146612 0x147b15 0x147142 0x123e3f 0x12623d 0x129660 0x5a061 0x15eefa 0x15dbc1 0x104eff 0x103beb 0x1057f2 0x5c221
0: 0 [1: 112] @ 0x96fa 0x13b729 0x13bb88 0x13c641 0x13cf57 0x13d4dd 0x13d349 0x104cae 0x103beb 0x1057f2 0x5c221
0: 0 [1: 112] @ 0x96fa 0x13c69d 0x13cf57 0x13d4dd 0x13d349 0x101cc3 0x12c863 0x5c221
0: 0 [1: 112] @ 0x10492f 0x103beb 0x1057f2 0x5c221
0: 0 [1: 32] @ 0x43c67 0x43582 0x4390a 0x13ac17 0x13b74f 0x13853c 0x138156 0x13b083 0x13b74f 0x13853c 0x13b083 0x13b74f 0x13bb88 0x13c641 0x13cf57 0x13d4dd 0x13d349 0x101cc3 0x12c863 0x5c221
0: 0 [1: 6144] @ 0x3f385 0xc5f14 0xc5782 0xc597b 0x146612 0x147b15 0x147142 0x123e3f 0x12623d 0x129660 0x5a061 0x15eefa 0x15dbc1 0x104eff 0x103beb 0x1057f2 0x5c221
0: 0 [1: 64] @ 0x141a4b 0x150c53 0x141d96 0x150c53 0x141d96 0x145cc8 0x146a42 0x147032 0x14724b 0x1479d6 0x147142 0x101829 0x12c863 0x5c221
0: 0 [1: 32] @ 0x13a938 0x13b74f 0x13853c 0x13b083 0x13b74f 0x13853c 0x13b083 0x13b74f 0x13bb88 0x13c641 0x13cf57 0x13d4dd 0x13d349 0x101cc3 0x12c863 0x5c221
0: 0 [1: 32] @ 0x43c67 0x43582 0x4390a 0x13ac17 0x13b74f 0x13853c 0x13b083 0x13b74f 0x13853c 0x13b083 0x13b74f 0x13bb88 0x13c641 0x13cf57 0x13d4dd 0x13d349 0x104cae 0x103beb 0x1057f2 0x5c221
0: 0 [8: 256] @ 0x3f6f3 0x3f487 0x140af1 0x140c2c 0x140eb3 0x141d96 0x145cc8 0x1432b1 0x150d4b 0x141d96 0x150c53 0x142194 0x150981 0x1418cc 0x145d16 0x147a84 0x147142 0x123e3f 0x12623d 0x129660 0x5a061 0x15eefa 0x15dbc1 0x104eff 0x103beb 0x1057f2 0x5c221
0: 0 [1: 48] @ 0x8cd1 0x145e1e 0x104f53 0x103beb 0x1057f2 0x5c221
0: 0 [1: 32] @ 0x3f6f3 0x3f487 0x1414d3 0x141d96 0x145cc8 0x1432b1 0x150d4b 0x141d96 0x150c53 0x142194 0x150981 0x1418cc 0x145d16 0x147a84 0x147142 0x123e3f 0x12a82e 0x85924 0x59f0e 0x15eefa 0x15dbc1 0x104eff 0x103beb 0x1057f2 0x5c221
0: 0 [3: 96] @ 0x138587 0x13b083 0x13b74f 0x13853c 0x13b083 0x13b74f 0x13bb88 0x13c641 0x13cf57 0x13d4dd 0x13d349 0x104cae 0x103beb 0x1057f2 0x5c221
0: 0 [1: 64] @ 0x134461 0x135ae3 0x15048e 0x133c70 0x1504f3 0x133c70 0x13be90 0x13c641 0x13cf57 0x136344 0x150566 0x133c70 0x1504f3 0x13472f 0x135ae3 0x15048e 0x133c70 0x13be90 0x13d527 0x13d349 0x104cae 0x103beb 0x1057f2 0x5c221
0: 0 [1: 3328] @ 0x3f6f3 0x3f487 0x14041c 0x146612 0x14335c 0x150d4b 0x141d96 0x150c53 0x142194 0x150981 0x1418cc 0x145d16 0x147a84 0x147142 0x123e3f 0x12a82e 0x85924 0x59f0e 0x15eefa 0x15dbc1 0x104eff 0x103beb 0x1057f2 0x5c221
0: 0 [5: 2560] @ 0x3f6f3 0x140948 0x1415ba 0x141c3f 0x150c53 0x142194 0x150981 0x1418cc 0x145d16 0x147a84 0x147142 0x123e3f 0x12623d 0x129660 0x5a061 0x15eefa 0x15dbc1 0x104eff 0x103beb 0x1057f2 0x5c221
0: 0 [1: 32] @ 0x1644e4 0x1359ff 0x15048e 0x133c70 0x1504f3 0x133c70 0x13be90 0x13c641 0x13cf57 0x13d4dd 0x13d349 0x101cc3 0x12c863 0x5c221
0: 0 [2: 9216] @ 0x3f385 0xc5f14 0xc5782 0xc597b 0x146612 0x147b15 0x147142 0x123e3f 0x12623d 0x129660 0x5a061 0x15eefa 0x15dbc1 0x104eff 0x103beb 0x1057f2 0x5c221
0: 0 [3: 288] @ 0x1430d7 0x150d4b 0x141d96 0x150c53 0x142194 0x150981 0x1418cc 0x145d16 0x147a84 0x147142 0x123e3f 0x12a82e 0x86f04 0x59f0e 0x15eefa 0x15dbc1 0x104eff 0x103beb 0x1057f2 0x5c221
0: 0 [2: 2048] @ 0x3f6f3 0x3f487 0x14041c 0x146612 0x14335c 0x150d4b 0x141d96 0x150c53 0x142194 0x150981 0x1418cc 0x145d16 0x147a84 0x147142 0x123e3f 0x12623d 0x129660 0x5a061 0x15eefa 0x15dbc1 0x104eff 0x103beb 0x1057f2 0x5c221
0: 0 [2: 96] @ 0x43c67 0x43582 0x4390a 0x13ac17 0x13b74f 0x13bb88 0x13d527 0x13d349 0x101cc3 0x12c863 0x5c221
0: 0 [9: 864] @ 0x1430d7 0x150d4b 0x141d96 0x150c53 0x142194 0x150981 0x1418cc 0x145d16 0x147a84 0x147142 0x123e3f 0x12a82e 0x85924 0x59f0e 0x15eefa 0x15dbc1 0x104eff 0x103beb 0x1057f2 0x5c221
0: 0 [3: 336] @ 0x96fa 0x13b729 0x13853c 0x13b083 0x13b74f 0x13bb88 0x13c641 0x13cf57 0x13d4dd 0x13d349 0x101cc3 0x12c863 0x5c221
0: 0 [15: 69120] @ 0x3f6f3 0x3f487 0x14041c 0x146612 0x14335c 0x150d4b 0x141d96 0x150c53 0x142194 0x150981 0x1418cc 0x145d16 0x147a84 0x147142 0x123e3f 0x12623d 0x129660 0x5a061 0x15eefa 0x15dbc1 0x104eff 0x103beb 0x1057f2 0x5c221
0: 0 [2: 64] @ 0x10a31 0x164b2f 0x131f30 0x1346d6 0x135ae3 0x15048e 0x133c70 0x1504f3 0x133c70 0x13be90 0x13c641 0x13cf57 0x13d4dd 0x13d349 0x104cae 0x103beb 0x1057f2 0x5c221
0: 0 [1: 64] @ 0x81971 0x8226e 0x8fa63 0x8b2b6 0x5c221
0: 0 [2: 96] @ 0x10a31 0x164b2f 0x131f30 0x133c1f 0x13be90 0x13c641 0x13cf57 0x13d4dd 0x13d349 0x104cae 0x103beb 0x1057f2 0x5c221
0: 0 [1: 16] @ 0x13ac63 0x13b74f 0x13bb88 0x13c641 0x13cf57 0x13d4dd 0x13d349 0x101cc3 0x12c863 0x5c221
0: 0 [1: 16] @ 0x15835a 0x156f58 0x146d72 0x147032 0x146c1c 0x147032 0x14724b 0x1479d6 0x147142 0x123e3f 0x12623d 0x129660 0x5a061 0x15eefa 0x15dbc1 0x104eff 0x103beb 0x1057f2 0x5c221
0: 0 [1: 64] @ 0x133936 0x13be90 0x13c641 0x13cf57 0x13d4dd 0x13d349 0x104cae 0x103beb 0x1057f2 0x5c221
0: 0 [7: 17920] @ 0x3f6f3 0x3f487 0x142ebd 0x150d4b 0x141d96 0x150c53 0x142194 0x150981 0x1418cc 0x145d16 0x147a84 0x147142 0x123e3f 0x12623d 0x129660 0x5a061 0x15eefa 0x15dbc1 0x104eff 0x103beb 0x1057f2 0x5c221
0: 0 [1: 3328] @ 0x3f385 0xc5f14 0xc5782 0xc597b 0x146612 0x147b15 0x147142 0x123e3f 0x12623d 0x129660 0x5a061 0x15eefa 0x15dbc1 0x104eff 0x103beb 0x1057f2 0x5c221
0: 0 [2: 32] @ 0x15835a 0x15963e 0x15718b 0x13ad2b 0x13b74f 0x13bb88 0x13c641 0x13cf57 0x13d4dd 0x13d349 0x101cc3 0x12c863 0x5c221
0: 0 [2: 64] @ 0x43c67 0x43582 0x4390a 0x13ac17 0x13b74f 0x13bb88 0x13c641 0x13cf57 0x13d4dd 0x13d349 0x104cae 0x103beb 0x1057f2 0x5c221
0: 0 [1: 16] @ 0x3f385 0x13310a 0x133c70 0x1504f3 0x13472f 0x135ae3 0x15048e 0x133c70 0x1504f3 0x133c70 0x13be90 0x13c641 0x13cf57 0x136344 0x150566 0x133c70 0x1504f3 0x13472f 0x135ae3 0x15048e 0x133c70 0x13be90 0x13d527 0x13d349 0x104cae 0x103beb 0x1057f2 0x5c221
0: 0 [1: 48] @ 0x8cd1 0x13b636 0x13853c 0x13b083 0x13b74f 0x13bb88 0x13c641 0x13cf57 0x13d4dd 0x13d349 0x104cae 0x103beb 0x1057f2 0x5c221
0: 0 [14: 46592] @ 0x3f6f3 0x3f487 0x14041c 0x146612 0x14335c 0x150d4b 0x141d96 0x150c53 0x142194 0x150981 0x1418cc 0x145d16 0x147a84 0x147142 0x123e3f 0x12623d 0x129660 0x5a061 0x15eefa 0x15dbc1 0x104eff 0x103beb 0x1057f2 0x5c221
0: 0 [1: 48] @ 0x43c67 0x43582 0x4390a 0x13ac17 0x13b74f 0x13bb88 0x13d527 0x13d349 0x104cae 0x103beb 0x1057f2 0x5c221
0: 0 [2: 512] @ 0x3f385 0xc5f14 0xc5782 0xc597b 0x146612 0x146a7e 0x147032 0x146e3e 0x147032 0x14724b 0x1479d6 0x147142 0x101829 0x12c863 0x5c221
0: 0 [1: 16] @ 0x15835a 0x158c25 0x159579 0x15718b 0x13ad2b 0x13b74f 0x13853c 0x13b083 0x13b74f 0x13bb88 0x13c641 0x13cf57 0x13d4dd 0x13d349 0x104cae 0x103beb 0x1057f2 0x5c221
0: 0 [14: 224] @ 0x3f6f3 0x3f487 0x1431a3 0x150d4b 0x141d96 0x150c53 0x142194 0x150981 0x1418cc 0x145d16 0x147a84 0x147142 0x123e3f 0x12623d 0x129660 0x5a061 0x15eefa 0x15dbc1 0x104eff 0x103beb 0x1057f2 0x5c221
0: 0 [1: 48] @ 0x10a31 0x164b2f 0x131f30 0x133c1f 0x13be90 0x13c641 0x13cf57 0x136344 0x150566 0x133c70 0x1504f3 0x13472f 0x135ae3 0x15048e 0x133c70 0x13be90 0x13d527 0x13d349 0x104cae 0x103beb 0x1057f2 0x5c221
0: 0 [3: 1248] @ 0x3f385 0x13a96b 0x13b74f 0x13bb88 0x13c641 0x13cf57 0x13d4dd 0x13d349 0x101cc3 0x12c863 0x5c221
0: 0 [2: 512] @ 0x3f6f3 0x3f487 0x142ebd 0x150d4b 0x141d96 0x150c53 0x142194 0x150981 0x1418cc 0x145d16 0x147a84 0x147142 0x123e3f 0x12623d 0x129660 0x5a061 0x15eefa 0x15dbc1 0x104eff 0x103beb 0x1057f2 0x5c221
0: 0 [1: 112] @ 0x3f385 0x13a96b 0x13b74f 0x13853c 0x138156 0x13b083 0x13b74f 0x13bb88 0x13d527 0x13d349 0x104cae 0x103beb 0x1057f2 0x5c221
0: 0 [1: 32] @ 0xd7d9 0x81339 0x8fb47 0x8b2b6 0x5c221
0: 0 [10: 320] @ 0x3f6f3 0x3f487 0x1414d3 0x141d96 0x145cc8 0x1432b1 0x150d4b 0x141d96 0x150c53 0x142194 0x150981 0x1418cc 0x145d16 0x147a84 0x147142 0x123e3f 0x12623d 0x129660 0x5a061 0x15eefa 0x15dbc1 0x104eff 0x103beb 0x1057f2 0x5c221
0: 0 [1: 112] @ 0x3f385 0x13a96b 0x13b74f 0x13853c 0x13b083 0x13b74f 0x13853c 0x13b083 0x13b74f 0x13bb88 0x13c641 0x13cf57 0x13d4dd 0x13d349 0x101cc3 0x12c863 0x5c221
0: 0 [1: 16] @ 0x15835a 0x156f58 0x146dd6 0x147032 0x14724b 0x142ff6 0x150d4b 0x141d96 0x150c53 0x142194 0x150981 0x1418cc 0x145d16 0x147a84 0x147142 0x123e3f 0x12623d 0x129660 0x5a061 0x15eefa 0x15dbc1 0x104eff 0x103beb 0x1057f2 0x5c221
0: 0 [1: 16] @ 0x3f6f3 0x3f487 0x1431a3 0x150d4b 0x141d96 0x150c53 0x142194 0x150981 0x1418cc 0x145d16 0x147a84 0x147142 0x123e3f 0x12a82e 0x86f04 0x59f0e 0x15eefa 0x15dbc1 0x104eff 0x103beb 0x1057f2 0x5c221
0: 0 [4: 8192] @ 0x3f6f3 0x3f487 0x14041c 0x146612 0x14335c 0x150d4b 0x141d96 0x150c53 0x142194 0x150981 0x1418cc 0x145d16 0x147a84 0x147142 0x123e3f 0x12623d 0x129660 0x5a061 0x15eefa 0x15dbc1 0x104eff 0x103beb 0x1057f2 0x5c221
0: 0 [3: 528] @ 0x3f385 0x13a96b 0x13b74f 0x13bb88 0x13d527 0x13d349 0x101cc3 0x12c863 0x5c221
0: 0 [1: 160] @ 0x145d67 0x101801 0x12c863 0x5c221
0: 0 [1: 1408] @ 0x3f385 0xc5f14 0xc5782 0xc597b 0x146612 0x147b15 0x147142 0x123e3f 0x12623d 0x129660 0x5a061 0x15eefa 0x15dbc1 0x104eff 0x103beb 0x1057f2 0x5c221
0: 0 [1: 16] @ 0x15835a 0x156f58 0x146d72 0x147032 0x14724b 0x142ff6 0x150d4b 0x141d96 0x150c53 0x142194 0x150981 0x1418cc 0x145d16 0x147a84 0x147142 0x123e3f 0x12a82e 0x86f04 0x59f0e 0x15eefa 0x15dbc1 0x104eff 0x103beb 0x1057f2 0x5c221
0: 0 [1: 48] @ 0x13833c 0x13b083 0x13b74f 0x13bb88 0x13d527 0x13d349 0x104cae 0x103beb 0x1057f2 0x5c221
0: 0 [1: 112] @ 0x123cda 0x12a82e 0x85924 0x59f0e 0x15eefa 0x15dbc1 0x104eff 0x103beb 0x1057f2 0x5c221
0: 0 [1: 32] @ 0x43c67 0x43582 0x4390a 0x13ac17 0x13b74f 0x13853c 0x13b083 0x13b74f 0x13bb88 0x13c641 0x13cf57 0x13d4dd 0x13d349 0x104cae 0x103beb 0x1057f2 0x5c221
0: 0 [20: 1280] @ 0x3f6f3 0x3f487 0x140af1 0x140c2c 0x140eb3 0x141d96 0x145cc8 0x1432b1 0x150d4b 0x141d96 0x150c53 0x142194 0x150981 0x1418cc 0x145d16 0x147a84 0x147142 0x123e3f 0x12623d 0x129660 0x5a061 0x15eefa 0x15dbc1 0x104eff 0x103beb 0x1057f2 0x5c221
0: 0 [53: 5088] @ 0x1430d7 0x150d4b 0x141d96 0x150c53 0x142194 0x150981 0x1418cc 0x145d16 0x147a84 0x147142 0x123e3f 0x12623d 0x129660 0x5a061 0x15eefa 0x15dbc1 0x104eff 0x103beb 0x1057f2 0x5c221
0: 0 [11: 59136] @ 0x1061c3 0x12b43d 0x1293c2 0x5a061 0x15eefa 0x15dbc1 0x104eff 0x103beb 0x1057f2 0x5c221
0: 0 [3: 1248] @ 0xac12 0x9b5b 0x13b68b 0x13bb88 0x13d527 0x13d349 0x104cae 0x103beb 0x1057f2 0x5c221
0: 0 [2: 224] @ 0x3f385 0x13a96b 0x13b74f 0x13853c 0x138156 0x13b083 0x13b74f 0x13853c 0x13b083 0x13b74f 0x13bb88 0x13c641 0x13cf57 0x13d4dd 0x13d349 0x104cae 0x103beb 0x1057f2 0x5c221
0: 0 [3: 336] @ 0x3f385 0x13a96b 0x13b74f 0x13853c 0x13b083 0x13b74f 0x13bb88 0x13c641 0x13cf57 0x13d4dd 0x13d349 0x104cae 0x103beb 0x1057f2 0x5c221
0: 0 [1: 32] @ 0x10a31 0x164b2f 0x104d30 0x103beb 0x1057f2 0x5c221
0: 0 [1: 48] @ 0x8cd1 0x13b636 0x13853c 0x138156 0x13b083 0x13b74f 0x13853c 0x13b083 0x13b74f 0x13bb88 0x13c641 0x13cf57 0x13d4dd 0x13d349 0x104cae 0x103beb 0x1057f2 0x5c221
0: 0 [1: 112] @ 0x96fa 0x13c69d 0x13cf57 0x13d4dd 0x13d349 0x104cae 0x103beb 0x1057f2 0x5c221
0: 0 [1: 32] @ 0x81cac 0x821fe 0x8f8ef 0x8b2b6 0x5c221
0: 0 [1: 416] @ 0xac12 0x9b5b 0x13b68b 0x13bb88 0x13d527 0x13d349 0x101cc3 0x8f682 0x5c221
0: 0 [1: 48] @ 0x8cd1 0x13b636 0x13853c 0x138156 0x13b083 0x13b74f 0x13853c 0x13b083 0x13b74f 0x13bb88 0x13c641 0x13cf57 0x13d4dd 0x13d349 0x101cc3 0x8f682 0x5c221
0: 0 [1: 48] @ 0x10a31 0x164b2f 0x131f30 0x133c1f 0x13be90 0x13c641 0x13cf57 0x13d4dd 0x13d349 0x101cc3 0x8f682 0x5c221
0: 0 [5: 480] @ 0x96fa 0x158ab7 0x159579 0x15718b 0x13ad2b 0x13b74f 0x13853c 0x13b083 0x13b74f 0x13bb88 0x13c641 0x13cf57 0x13d4dd 0x13d349 0x104cae 0x103beb 0x1057f2 0x5c221
0: 0 [1: 96] @ 0x3ac3 0x9f6b0 0x9f9e1 0x81d2e 0x821fe 0x8f8ef 0x8b2b6 0x5c221
0: 0 [1: 48] @ 0x43c67 0x43582 0x4390a 0x13ac17 0x13b74f 0x13853c 0x13b083 0x13b74f 0x13bb88 0x13c641 0x13cf57 0x13d4dd 0x13d349 0x101cc3 0x8f682 0x5c221
0: 0 [2: 96] @ 0x43c67 0x43582 0x4390a 0x13ac17 0x13b74f 0x13853c 0x13b083 0x13b74f 0x13bb88 0x13c641 0x13cf57 0x13d4dd 0x13d349 0x104cae 0x103beb 0x1057f2 0x5c221
0: 0 [1: 32] @ 0x13a938 0x13b74f 0x13853c 0x13b083 0x13b74f 0x13bb88 0x13c641 0x13cf57 0x13d4dd 0x13d349 0x101cc3 0x8f682 0x5c221
0: 0 [1: 416] @ 0x3f385 0x13a96b 0x13b74f 0x13bb88 0x13c641 0x13cf57 0x13d4dd 0x13d349 0x101cc3 0x8f682 0x5c221
0: 0 [1: 288] @ 0x3f385 0x13a96b 0x13b74f 0x13bb88 0x13d527 0x13d349 0x104cae 0x103beb 0x1057f2 0x5c221
0: 0 [1: 80] @ 0x3f385 0xc5f14 0xc5782 0xc597b 0x146612 0x146a7e 0x147032 0x14724b 0x1479d6 0x147142 0x101829 0x8f682 0x5c221
0: 0 [1: 32] @ 0x43c67 0x43582 0x4390a 0x13ac17 0x13b74f 0x13853c 0x13b083 0x13b74f 0x13853c 0x13b083 0x13b74f 0x13bb88 0x13c641 0x13cf57 0x13d4dd 0x13d349 0x101cc3 0x8f682 0x5c221
0: 0 [2: 192] @ 0x145e5d 0x101801 0x8f682 0x5c221
0: 0 [2: 96] @ 0x13833c 0x13b083 0x13b74f 0x13853c 0x13b083 0x13b74f 0x13bb88 0x13c641 0x13cf57 0x13d4dd 0x13d349 0x104cae 0x103beb 0x1057f2 0x5c221
0: 0 [1: 96] @ 0x96fa 0x158ab7 0x159579 0x15718b 0x13ad2b 0x13b74f 0x13853c 0x13b083 0x13b74f 0x13bb88 0x13c641 0x13cf57 0x13d4dd 0x13d349 0x101cc3 0x8f682 0x5c221
0: 0 [3: 528] @ 0x3f385 0x13a96b 0x13b74f 0x13853c 0x13b083 0x13b74f 0x13bb88 0x13c641 0x13cf57 0x13d4dd 0x13d349 0x104cae 0x103beb 0x1057f2 0x5c221
0: 0 [5: 560] @ 0x96fa 0x13b729 0x13853c 0x13b083 0x13b74f 0x13bb88 0x13c641 0x13cf57 0x13d4dd 0x13d349 0x104cae 0x103beb 0x1057f2 0x5c221
0: 0 [1: 64] @ 0x141a4b 0x145cc8 0x146a42 0x147032 0x14724b 0x1479d6 0x147142 0x101829 0x8f682 0x5c221
0: 0 [3: 624] @ 0x96fa 0x13b68b 0x13bb88 0x13c641 0x13cf57 0x13d4dd 0x13d349 0x104cae 0x103beb 0x1057f2 0x5c221
0: 0 [4: 21504] @ 0x1061c3 0x822dd 0x81c92 0x821fe 0x8f8ef 0x8b2b6 0x5c221
0: 0 [3: 528] @ 0x3f385 0x13a96b 0x13b74f 0x13853c 0x13b083 0x13b74f 0x13bb88 0x13c641 0x13cf57 0x13d4dd 0x13d349 0x101cc3 0x8f682 0x5c221
0: 0 [1: 32] @ 0x43c67 0x43582 0x4390a 0x13ac17 0x13b74f 0x13bb88 0x13d527 0x13d349 0x104cae 0x103beb 0x1057f2 0x5c221
0: 0 [1: 16] @ 0x15835a 0x15963e 0x15718b 0x13ad2b 0x13b74f 0x13853c 0x13b083 0x13b74f 0x13bb88 0x13c641 0x13cf57 0x13d4dd 0x13d349 0x104cae 0x103beb 0x1057f2 0x5c221
0: 0 [2: 128] @ 0x141a4b 0x150c53 0x141d96 0x150c53 0x141d96 0x145cc8 0x146a42 0x147032 0x14724b 0x1479d6 0x104f88 0x103beb 0x1057f2 0x5c221
0: 0 [1: 16] @ 0x13ac63 0x13b74f 0x13853c 0x13b083 0x13b74f 0x13853c 0x13b083 0x13b74f 0x13bb88 0x13c641 0x13cf57 0x13d4dd 0x13d349 0x104cae 0x103beb 0x1057f2 0x5c221
0: 0 [4: 192] @ 0x8cd1 0x1588b4 0x159579 0x15718b 0x13ad2b 0x13b74f 0x13853c 0x13b083 0x13b74f 0x13bb88 0x13c641 0x13cf57 0x13d4dd 0x13d349 0x104cae 0x103beb 0x1057f2 0x5c221
0: 0 [1: 48] @ 0x43c67 0x43582 0x4390a 0x13ac17 0x13b74f 0x13bb88 0x13c641 0x13cf57 0x13d4dd 0x13d349 0x101cc3 0x8f682 0x5c221
0: 0 [1: 176] @ 0x96fa 0x146aec 0x147032 0x14724b 0x1479d6 0x104f88 0x103beb 0x1057f2 0x5c221
0: 0 [1: 64] @ 0x10a31 0x164b2f 0x13c4f0 0x1363a5 0x150566 0x133c70 0x1504f3 0x13472f 0x135ae3 0x15048e 0x133c70 0x13be90 0x13d527 0x13d349 0x104cae 0x103beb 0x1057f2 0x5c221

# runtime.MemStats
# Alloc = 732856
# TotalAlloc = 226516600
# Sys = 10393848
# Lookups = 5
# Mallocs = 3110082
# Frees = 3101493
# HeapAlloc = 732856
# HeapSys = 6946816
# HeapIdle = 4374528
# HeapInuse = 2572288
# HeapReleased = 0
# HeapObjects = 8589
# Stack = 393216 / 393216
# MSpan = 48496 / 81920
# MCache = 4832 / 16384
# BuckHashSys = 1484440
# NextGC = 4194304
# PauseNs = [719851 113450 88563 211995 229277 94538 88876 263210 120912 258854 268597 239237 228717 236906 403502 210470 229954 232510 220024 155107 204376 182121 184059 172308 177448 188757 136383 151952 205658 378184 119873 164253 195981 153954 261159 156875 164203 191869 218870 155355 190539 203332 175325 172964 160276 178960 156808 208548 175774 234391 140175 163586 162629 274293 192888 188144 240177 215602 255192 207796 1473337 0 0 0 0 0 0 0 0 0 0 0 0 0 0 0 0 0 0 0 0 0 0 0 0 0 0 0 0 0 0 0 0 0 0 0 0 0 0 0 0 0 0 0 0 0 0 0 0 0 0 0 0 0 0 0 0 0 0 0 0 0 0 0 0 0 0 0 0 0 0 0 0 0 0 0 0 0 0 0 0 0 0 0 0 0 0 0 0 0 0 0 0 0 0 0 0 0 0 0 0 0 0 0 0 0 0 0 0 0 0 0 0 0 0 0 0 0 0 0 0 0 0 0 0 0 0 0 0 0 0 0 0 0 0 0 0 0 0 0 0 0 0 0 0 0 0 0 0 0 0 0 0 0 0 0 0 0 0 0 0 0 0 0 0 0 0 0 0 0 0 0 0 0 0 0 0 0 0 0 0 0 0 0 0 0 0 0 0 0 0 0 0 0 0 0]
# NumGC = 61
# EnableGC = true
# DebugGC = false
